2025-05-23 11:09:55,589 - __main__ - INFO - Starting message queue server on 0.0.0.0:5555
2025-05-23 11:09:55,590 - __main__ - INFO - Message queue server started successfully
2025-05-23 11:48:51,842 - __main__ - INFO - Starting message queue server on 0.0.0.0:5555
2025-05-23 11:48:51,843 - __main__ - ERROR - Error in message queue server: Address already in use (addr='tcp://0.0.0.0:5555')
2025-05-23 11:50:45,914 - __main__ - INFO - Starting message queue server on 0.0.0.0:5555
2025-05-23 11:50:45,915 - __main__ - ERROR - Error in message queue server: Address already in use (addr='tcp://0.0.0.0:5555')
2025-05-23 11:51:47,154 - __main__ - INFO - Connecting to message queue server at 127.0.0.1:5555
2025-05-23 11:51:47,216 - __main__ - INFO - Worker registered: testworker1 (testtype) at ubuntu
2025-05-23 11:51:47,250 - __main__ - INFO - Connected to message queue server successfully
2025-05-23 11:52:04,578 - __main__ - INFO - Worker shutting down...
2025-05-23 11:52:04,579 - __main__ - INFO - Disconnected from message queue server
2025-05-23 14:26:22,055 - __main__ - INFO - Worker registered: worker1 (log_collector) at ubuntu
2025-05-23 14:27:25,911 - __main__ - INFO - Worker registered: worker1 (log_collector) at ubuntu
2025-05-23 14:31:33,159 - __main__ - INFO - Worker registered: worker1 (log_collector) at ubuntu
2025-05-23 14:31:33,250 - __main__ - INFO - Received data from worker1: {"type": "logs", "logs": [{"@timestamp": "2025-05-23T14:31:33.151733", "host": "ubuntu", "log_type":...
2025-05-23 14:31:34,068 - __main__ - INFO - Worker registered: worker1 (log_collector) at ubuntu
2025-05-23 14:31:34,154 - __main__ - INFO - Received data from worker1: {"type": "logs", "logs": [{"@timestamp": "2025-05-23T14:31:34.089466", "host": "ubuntu", "log_type":...
2025-05-23 14:32:33,524 - __main__ - INFO - Received data from worker1: {"type": "logs", "logs": [{"@timestamp": "2025-05-23T14:32:33.467457", "host": "ubuntu", "log_type":...
2025-05-23 14:32:34,250 - __main__ - INFO - Received data from worker1: {"type": "logs", "logs": [{"@timestamp": "2025-05-23T14:32:34.203013", "host": "ubuntu", "log_type":...
2025-05-23 14:33:33,630 - __main__ - INFO - Received data from worker1: {"type": "logs", "logs": [{"@timestamp": "2025-05-23T14:33:33.594378", "host": "ubuntu", "log_type":...
2025-05-23 14:33:34,411 - __main__ - INFO - Received data from worker1: {"type": "logs", "logs": [{"@timestamp": "2025-05-23T14:33:34.370364", "host": "ubuntu", "log_type":...
2025-05-23 14:34:33,778 - __main__ - INFO - Received data from worker1: {"type": "logs", "logs": [{"@timestamp": "2025-05-23T14:34:33.706414", "host": "ubuntu", "log_type":...
2025-05-23 14:34:34,531 - __main__ - INFO - Received data from worker1: {"type": "logs", "logs": [{"@timestamp": "2025-05-23T14:34:34.497964", "host": "ubuntu", "log_type":...
2025-05-23 14:35:34,018 - __main__ - INFO - Received data from worker1: {"type": "logs", "logs": [{"@timestamp": "2025-05-23T14:35:33.926471", "host": "ubuntu", "log_type":...
2025-05-23 14:35:34,757 - __main__ - INFO - Received data from worker1: {"type": "logs", "logs": [{"@timestamp": "2025-05-23T14:35:34.683159", "host": "ubuntu", "log_type":...
2025-05-23 14:36:34,268 - __main__ - INFO - Received data from worker1: {"type": "logs", "logs": [{"@timestamp": "2025-05-23T14:36:34.179251", "host": "ubuntu", "log_type":...
2025-05-23 14:36:35,282 - __main__ - INFO - Received data from worker1: {"type": "logs", "logs": [{"@timestamp": "2025-05-23T14:36:34.892892", "host": "ubuntu", "log_type":...
2025-05-23 14:37:34,380 - __main__ - INFO - Received data from worker1: {"type": "logs", "logs": [{"@timestamp": "2025-05-23T14:37:34.358967", "host": "ubuntu", "log_type":...
2025-05-23 14:37:35,369 - __main__ - INFO - Received data from worker1: {"type": "logs", "logs": [{"@timestamp": "2025-05-23T14:37:35.351103", "host": "ubuntu", "log_type":...
2025-05-23 14:38:34,574 - __main__ - INFO - Received data from worker1: {"type": "logs", "logs": [{"@timestamp": "2025-05-23T14:38:34.500996", "host": "ubuntu", "log_type":...
2025-05-23 14:38:35,495 - __main__ - INFO - Received data from worker1: {"type": "logs", "logs": [{"@timestamp": "2025-05-23T14:38:35.463579", "host": "ubuntu", "log_type":...
2025-05-23 14:39:34,912 - __main__ - INFO - Received data from worker1: {"type": "logs", "logs": [{"@timestamp": "2025-05-23T14:39:34.671004", "host": "ubuntu", "log_type":...
2025-05-23 14:39:35,647 - __main__ - INFO - Received data from worker1: {"type": "logs", "logs": [{"@timestamp": "2025-05-23T14:39:35.612743", "host": "ubuntu", "log_type":...
2025-05-23 14:40:35,215 - __main__ - INFO - Received data from worker1: {"type": "logs", "logs": [{"@timestamp": "2025-05-23T14:40:35.083863", "host": "ubuntu", "log_type":...
2025-05-23 14:40:35,814 - __main__ - INFO - Received data from worker1: {"type": "logs", "logs": [{"@timestamp": "2025-05-23T14:40:35.774039", "host": "ubuntu", "log_type":...
2025-05-23 14:41:35,380 - __main__ - INFO - Received data from worker1: {"type": "logs", "logs": [{"@timestamp": "2025-05-23T14:41:35.340397", "host": "ubuntu", "log_type":...
2025-05-23 14:41:35,946 - __main__ - INFO - Received data from worker1: {"type": "logs", "logs": [{"@timestamp": "2025-05-23T14:41:35.906274", "host": "ubuntu", "log_type":...
2025-05-23 14:42:35,548 - __main__ - INFO - Received data from worker1: {"type": "logs", "logs": [{"@timestamp": "2025-05-23T14:42:35.497862", "host": "ubuntu", "log_type":...
2025-05-23 14:42:36,048 - __main__ - INFO - Received data from worker1: {"type": "logs", "logs": [{"@timestamp": "2025-05-23T14:42:36.009908", "host": "ubuntu", "log_type":...
2025-05-23 14:43:35,697 - __main__ - INFO - Received data from worker1: {"type": "logs", "logs": [{"@timestamp": "2025-05-23T14:43:35.632408", "host": "ubuntu", "log_type":...
2025-05-23 14:43:36,169 - __main__ - INFO - Received data from worker1: {"type": "logs", "logs": [{"@timestamp": "2025-05-23T14:43:36.128546", "host": "ubuntu", "log_type":...
2025-05-23 14:44:35,955 - __main__ - INFO - Received data from worker1: {"type": "logs", "logs": [{"@timestamp": "2025-05-23T14:44:35.817527", "host": "ubuntu", "log_type":...
2025-05-23 14:44:36,321 - __main__ - INFO - Received data from worker1: {"type": "logs", "logs": [{"@timestamp": "2025-05-23T14:44:36.276232", "host": "ubuntu", "log_type":...
2025-05-23 14:45:36,176 - __main__ - INFO - Received data from worker1: {"type": "logs", "logs": [{"@timestamp": "2025-05-23T14:45:36.042214", "host": "ubuntu", "log_type":...
2025-05-23 14:45:36,490 - __main__ - INFO - Received data from worker1: {"type": "logs", "logs": [{"@timestamp": "2025-05-23T14:45:36.425139", "host": "ubuntu", "log_type":...
2025-05-23 14:46:36,348 - __main__ - INFO - Received data from worker1: {"type": "logs", "logs": [{"@timestamp": "2025-05-23T14:46:36.297680", "host": "ubuntu", "log_type":...
2025-05-23 14:46:36,668 - __main__ - INFO - Received data from worker1: {"type": "logs", "logs": [{"@timestamp": "2025-05-23T14:46:36.617033", "host": "ubuntu", "log_type":...
2025-05-23 14:47:36,561 - __main__ - INFO - Received data from worker1: {"type": "logs", "logs": [{"@timestamp": "2025-05-23T14:47:36.471237", "host": "ubuntu", "log_type":...
2025-05-23 14:48:36,859 - __main__ - INFO - Received data from worker1: {"type": "logs", "logs": [{"@timestamp": "2025-05-23T14:48:36.680615", "host": "ubuntu", "log_type":...
2025-05-23 14:49:37,168 - __main__ - INFO - Received data from worker1: {"type": "logs", "logs": [{"@timestamp": "2025-05-23T14:49:36.981692", "host": "ubuntu", "log_type":...
2025-05-23 14:50:37,394 - __main__ - INFO - Received data from worker1: {"type": "logs", "logs": [{"@timestamp": "2025-05-23T14:50:37.283137", "host": "ubuntu", "log_type":...
2025-05-23 14:51:37,838 - __main__ - INFO - Received data from worker1: {"type": "logs", "logs": [{"@timestamp": "2025-05-23T14:51:37.493879", "host": "ubuntu", "log_type":...
2025-05-23 14:52:37,998 - __main__ - INFO - Received data from worker1: {"type": "logs", "logs": [{"@timestamp": "2025-05-23T14:52:37.930176", "host": "ubuntu", "log_type":...
2025-05-23 14:53:38,215 - __main__ - INFO - Received data from worker1: {"type": "logs", "logs": [{"@timestamp": "2025-05-23T14:53:38.153020", "host": "ubuntu", "log_type":...
2025-05-23 14:54:38,362 - __main__ - INFO - Received data from worker1: {"type": "logs", "logs": [{"@timestamp": "2025-05-23T14:54:38.298383", "host": "ubuntu", "log_type":...
2025-05-23 14:55:38,624 - __main__ - INFO - Received data from worker1: {"type": "logs", "logs": [{"@timestamp": "2025-05-23T14:55:38.505075", "host": "ubuntu", "log_type":...
2025-05-23 14:55:39,811 - __main__ - INFO - Worker registered: worker2 (scanner) at ubuntu
2025-05-23 14:56:38,941 - __main__ - INFO - Received data from worker1: {"type": "logs", "logs": [{"@timestamp": "2025-05-23T14:56:38.767339", "host": "ubuntu", "log_type":...
2025-05-23 14:57:39,241 - __main__ - INFO - Received data from worker1: {"type": "logs", "logs": [{"@timestamp": "2025-05-23T14:57:39.085328", "host": "ubuntu", "log_type":...
2025-05-23 14:58:39,537 - __main__ - INFO - Received data from worker1: {"type": "logs", "logs": [{"@timestamp": "2025-05-23T14:58:39.465133", "host": "ubuntu", "log_type":...
2025-05-23 14:59:39,916 - __main__ - INFO - Received data from worker1: {"type": "logs", "logs": [{"@timestamp": "2025-05-23T14:59:39.690798", "host": "ubuntu", "log_type":...
2025-05-23 15:00:40,204 - __main__ - INFO - Received data from worker1: {"type": "logs", "logs": [{"@timestamp": "2025-05-23T15:00:40.059295", "host": "ubuntu", "log_type":...
2025-05-23 15:01:40,491 - __main__ - INFO - Received data from worker1: {"type": "logs", "logs": [{"@timestamp": "2025-05-23T15:01:40.425510", "host": "ubuntu", "log_type":...
2025-05-23 15:02:40,752 - __main__ - INFO - Received data from worker1: {"type": "logs", "logs": [{"@timestamp": "2025-05-23T15:02:40.658178", "host": "ubuntu", "log_type":...
2025-05-23 15:03:41,777 - __main__ - INFO - Received data from worker1: {"type": "logs", "logs": [{"@timestamp": "2025-05-23T15:03:40.921643", "host": "ubuntu", "log_type":...
2025-05-23 15:04:42,029 - __main__ - INFO - Received data from worker1: {"type": "logs", "logs": [{"@timestamp": "2025-05-23T15:04:41.976728", "host": "ubuntu", "log_type":...
2025-05-23 15:05:42,386 - __main__ - INFO - Received data from worker1: {"type": "logs", "logs": [{"@timestamp": "2025-05-23T15:05:42.250386", "host": "ubuntu", "log_type":...
2025-05-23 15:06:42,777 - __main__ - INFO - Received data from worker1: {"type": "logs", "logs": [{"@timestamp": "2025-05-23T15:06:42.545534", "host": "ubuntu", "log_type":...
2025-05-23 15:07:43,014 - __main__ - INFO - Received data from worker1: {"type": "logs", "logs": [{"@timestamp": "2025-05-23T15:07:42.953675", "host": "ubuntu", "log_type":...
2025-05-23 15:08:10,756 - __main__ - INFO - Worker registered: worker2 (scanner) at ubuntu
2025-05-23 15:08:43,299 - __main__ - INFO - Received data from worker1: {"type": "logs", "logs": [{"@timestamp": "2025-05-23T15:08:43.248371", "host": "ubuntu", "log_type":...
2025-05-23 15:09:43,580 - __main__ - INFO - Received data from worker1: {"type": "logs", "logs": [{"@timestamp": "2025-05-23T15:09:43.493868", "host": "ubuntu", "log_type":...
2025-05-23 15:10:43,862 - __main__ - INFO - Received data from worker1: {"type": "logs", "logs": [{"@timestamp": "2025-05-23T15:10:43.750325", "host": "ubuntu", "log_type":...
2025-05-23 15:11:44,195 - __main__ - INFO - Received data from worker1: {"type": "logs", "logs": [{"@timestamp": "2025-05-23T15:11:44.137172", "host": "ubuntu", "log_type":...
2025-05-23 15:12:44,579 - __main__ - INFO - Received data from worker1: {"type": "logs", "logs": [{"@timestamp": "2025-05-23T15:12:44.507010", "host": "ubuntu", "log_type":...
2025-05-23 15:13:44,928 - __main__ - INFO - Received data from worker1: {"type": "logs", "logs": [{"@timestamp": "2025-05-23T15:13:44.841339", "host": "ubuntu", "log_type":...
2025-05-23 15:14:45,519 - __main__ - INFO - Received data from worker1: {"type": "logs", "logs": [{"@timestamp": "2025-05-23T15:14:45.271495", "host": "ubuntu", "log_type":...
2025-05-23 15:15:14,571 - __main__ - INFO - Worker registered: worker2 (scanner) at ubuntu
2025-05-23 15:15:28,280 - __main__ - INFO - Worker registered: worker2 (scanner) at ubuntu
2025-05-23 15:15:45,888 - __main__ - INFO - Received data from worker1: {"type": "logs", "logs": [{"@timestamp": "2025-05-23T15:15:45.833981", "host": "ubuntu", "log_type":...
2025-05-23 15:16:46,184 - __main__ - INFO - Received data from worker1: {"type": "logs", "logs": [{"@timestamp": "2025-05-23T15:16:46.121068", "host": "ubuntu", "log_type":...
2025-05-23 15:17:46,693 - __main__ - INFO - Received data from worker1: {"type": "logs", "logs": [{"@timestamp": "2025-05-23T15:17:46.414840", "host": "ubuntu", "log_type":...
2025-05-23 15:18:47,235 - __main__ - INFO - Received data from worker1: {"type": "logs", "logs": [{"@timestamp": "2025-05-23T15:18:46.942926", "host": "ubuntu", "log_type":...
2025-05-23 15:18:49,318 - __main__ - INFO - Worker registered: worker2 (scanner) at ubuntu
2025-05-23 15:18:53,874 - __main__ - INFO - Worker registered: worker2 (scanner) at ubuntu
2025-05-23 15:18:53,923 - __main__ - INFO - Received data from worker2: {"type": "compliance_results", "compliance_results": [{"@timestamp": "2025-05-23T15:18:53.945347", "...
2025-05-23 15:18:56,345 - __main__ - INFO - Worker registered: worker2 (scanner) at ubuntu
2025-05-23 15:18:57,370 - __main__ - INFO - Received data from worker2: {"type": "vulnerabilities", "vulnerabilities": [{"@timestamp": "2025-05-23T15:18:56.467460", "host":...
2025-05-23 15:19:17,028 - __main__ - INFO - Worker registered: worker2 (scanner) at ubuntu
2025-05-23 15:19:17,848 - __main__ - INFO - Received data from worker2: {"type": "vulnerabilities", "vulnerabilities": [{"@timestamp": "2025-05-23T15:19:17.115320", "host":...
2025-05-23 15:19:47,568 - __main__ - INFO - Received data from worker1: {"type": "logs", "logs": [{"@timestamp": "2025-05-23T15:19:47.488896", "host": "ubuntu", "log_type":...
2025-05-23 15:20:47,977 - __main__ - INFO - Received data from worker1: {"type": "logs", "logs": [{"@timestamp": "2025-05-23T15:20:47.840400", "host": "ubuntu", "log_type":...
2025-05-23 15:21:23,117 - __main__ - INFO - Worker registered: worker2 (scanner) at ubuntu
2025-05-23 15:21:48,279 - __main__ - INFO - Received data from worker1: {"type": "logs", "logs": [{"@timestamp": "2025-05-23T15:21:48.249413", "host": "ubuntu", "log_type":...
2025-05-23 15:22:48,697 - __main__ - INFO - Received data from worker1: {"type": "logs", "logs": [{"@timestamp": "2025-05-23T15:22:48.496712", "host": "ubuntu", "log_type":...
2025-05-23 15:23:48,945 - __main__ - INFO - Received data from worker1: {"type": "logs", "logs": [{"@timestamp": "2025-05-23T15:23:48.901366", "host": "ubuntu", "log_type":...
2025-05-23 15:24:49,276 - __main__ - INFO - Received data from worker1: {"type": "logs", "logs": [{"@timestamp": "2025-05-23T15:24:49.251888", "host": "ubuntu", "log_type":...
2025-05-23 15:25:49,641 - __main__ - INFO - Received data from worker1: {"type": "logs", "logs": [{"@timestamp": "2025-05-23T15:25:49.556351", "host": "ubuntu", "log_type":...
2025-05-23 15:26:49,982 - __main__ - INFO - Received data from worker1: {"type": "logs", "logs": [{"@timestamp": "2025-05-23T15:26:49.916210", "host": "ubuntu", "log_type":...
2025-05-23 15:27:50,553 - __main__ - INFO - Received data from worker1: {"type": "logs", "logs": [{"@timestamp": "2025-05-23T15:27:50.248414", "host": "ubuntu", "log_type":...
2025-05-23 15:28:50,913 - __main__ - INFO - Received data from worker1: {"type": "logs", "logs": [{"@timestamp": "2025-05-23T15:28:50.868820", "host": "ubuntu", "log_type":...
2025-05-23 15:29:51,235 - __main__ - INFO - Received data from worker1: {"type": "logs", "logs": [{"@timestamp": "2025-05-23T15:29:51.170347", "host": "ubuntu", "log_type":...
2025-05-23 15:30:51,602 - __main__ - INFO - Received data from worker1: {"type": "logs", "logs": [{"@timestamp": "2025-05-23T15:30:51.534352", "host": "ubuntu", "log_type":...
2025-05-23 15:31:51,971 - __main__ - INFO - Received data from worker1: {"type": "logs", "logs": [{"@timestamp": "2025-05-23T15:31:51.907411", "host": "ubuntu", "log_type":...
2025-05-23 15:32:52,532 - __main__ - INFO - Received data from worker1: {"type": "logs", "logs": [{"@timestamp": "2025-05-23T15:32:52.249972", "host": "ubuntu", "log_type":...
2025-05-23 15:33:52,878 - __main__ - INFO - Received data from worker1: {"type": "logs", "logs": [{"@timestamp": "2025-05-23T15:33:52.873517", "host": "ubuntu", "log_type":...
2025-05-23 15:34:53,355 - __main__ - INFO - Received data from worker1: {"type": "logs", "logs": [{"@timestamp": "2025-05-23T15:34:53.205010", "host": "ubuntu", "log_type":...
2025-05-23 15:35:57,200 - __main__ - INFO - Received data from worker1: {"type": "logs", "logs": [{"@timestamp": "2025-05-23T15:35:57.064768", "host": "ubuntu", "log_type":...
2025-05-23 15:36:57,969 - __main__ - INFO - Received data from worker1: {"type": "logs", "logs": [{"@timestamp": "2025-05-23T15:36:57.957890", "host": "ubuntu", "log_type":...
2025-05-23 15:37:58,377 - __main__ - INFO - Received data from worker1: {"type": "logs", "logs": [{"@timestamp": "2025-05-23T15:37:58.366048", "host": "ubuntu", "log_type":...
2025-05-23 15:38:59,006 - __main__ - INFO - Received data from worker1: {"type": "logs", "logs": [{"@timestamp": "2025-05-23T15:38:59.005069", "host": "ubuntu", "log_type":...
2025-05-23 15:39:59,376 - __main__ - INFO - Received data from worker1: {"type": "logs", "logs": [{"@timestamp": "2025-05-23T15:39:59.374543", "host": "ubuntu", "log_type":...
2025-05-23 15:40:59,907 - __main__ - INFO - Received data from worker1: {"type": "logs", "logs": [{"@timestamp": "2025-05-23T15:40:59.880864", "host": "ubuntu", "log_type":...
2025-05-23 15:42:00,485 - __main__ - INFO - Received data from worker1: {"type": "logs", "logs": [{"@timestamp": "2025-05-23T15:42:00.256055", "host": "ubuntu", "log_type":...
2025-05-23 15:43:01,123 - __main__ - INFO - Received data from worker1: {"type": "logs", "logs": [{"@timestamp": "2025-05-23T15:43:00.865699", "host": "ubuntu", "log_type":...
2025-05-23 15:44:02,186 - __main__ - INFO - Received data from worker1: {"type": "logs", "logs": [{"@timestamp": "2025-05-23T15:44:01.994551", "host": "ubuntu", "log_type":...
2025-05-23 15:45:03,251 - __main__ - INFO - Received data from worker1: {"type": "logs", "logs": [{"@timestamp": "2025-05-23T15:45:03.145455", "host": "ubuntu", "log_type":...
2025-05-23 15:46:03,680 - __main__ - INFO - Received data from worker1: {"type": "logs", "logs": [{"@timestamp": "2025-05-23T15:46:03.683462", "host": "ubuntu", "log_type":...
2025-05-23 15:47:04,145 - __main__ - INFO - Received data from worker1: {"type": "logs", "logs": [{"@timestamp": "2025-05-23T15:47:04.094210", "host": "ubuntu", "log_type":...
2025-05-23 15:48:04,583 - __main__ - INFO - Received data from worker1: {"type": "logs", "logs": [{"@timestamp": "2025-05-23T15:48:04.585488", "host": "ubuntu", "log_type":...
2025-05-23 15:49:05,200 - __main__ - INFO - Received data from worker1: {"type": "logs", "logs": [{"@timestamp": "2025-05-23T15:49:05.163757", "host": "ubuntu", "log_type":...
2025-05-23 15:50:05,992 - __main__ - INFO - Received data from worker1: {"type": "logs", "logs": [{"@timestamp": "2025-05-23T15:50:05.958078", "host": "ubuntu", "log_type":...
2025-05-23 15:51:06,756 - __main__ - INFO - Received data from worker1: {"type": "logs", "logs": [{"@timestamp": "2025-05-23T15:51:06.458080", "host": "ubuntu", "log_type":...
2025-05-23 15:52:07,576 - __main__ - INFO - Received data from worker1: {"type": "logs", "logs": [{"@timestamp": "2025-05-23T15:52:07.338186", "host": "ubuntu", "log_type":...
2025-05-23 15:53:08,353 - __main__ - INFO - Received data from worker1: {"type": "logs", "logs": [{"@timestamp": "2025-05-23T15:53:08.172308", "host": "ubuntu", "log_type":...
2025-05-23 15:54:09,652 - __main__ - INFO - Received data from worker1: {"type": "logs", "logs": [{"@timestamp": "2025-05-23T15:54:09.321553", "host": "ubuntu", "log_type":...
2025-05-23 15:55:10,325 - __main__ - INFO - Received data from worker1: {"type": "logs", "logs": [{"@timestamp": "2025-05-23T15:55:10.289548", "host": "ubuntu", "log_type":...
2025-05-23 15:56:11,107 - __main__ - INFO - Received data from worker1: {"type": "logs", "logs": [{"@timestamp": "2025-05-23T15:56:11.113262", "host": "ubuntu", "log_type":...
2025-05-23 15:57:11,898 - __main__ - INFO - Received data from worker1: {"type": "logs", "logs": [{"@timestamp": "2025-05-23T15:57:11.849239", "host": "ubuntu", "log_type":...
2025-05-23 15:58:12,690 - __main__ - INFO - Received data from worker1: {"type": "logs", "logs": [{"@timestamp": "2025-05-23T15:58:12.677537", "host": "ubuntu", "log_type":...
2025-05-23 15:59:13,419 - __main__ - INFO - Received data from worker1: {"type": "logs", "logs": [{"@timestamp": "2025-05-23T15:59:13.422539", "host": "ubuntu", "log_type":...
2025-05-23 16:00:14,211 - __main__ - INFO - Received data from worker1: {"type": "logs", "logs": [{"@timestamp": "2025-05-23T16:00:14.190054", "host": "ubuntu", "log_type":...
2025-05-23 16:01:14,888 - __main__ - INFO - Received data from worker1: {"type": "logs", "logs": [{"@timestamp": "2025-05-23T16:01:14.699791", "host": "ubuntu", "log_type":...
2025-05-23 16:02:15,789 - __main__ - INFO - Received data from worker1: {"type": "logs", "logs": [{"@timestamp": "2025-05-23T16:02:15.785675", "host": "ubuntu", "log_type":...
2025-05-23 16:03:16,422 - __main__ - INFO - Received data from worker1: {"type": "logs", "logs": [{"@timestamp": "2025-05-23T16:03:16.292728", "host": "ubuntu", "log_type":...
2025-05-23 16:04:17,211 - __main__ - INFO - Received data from worker1: {"type": "logs", "logs": [{"@timestamp": "2025-05-23T16:04:17.230676", "host": "ubuntu", "log_type":...
2025-05-23 16:05:17,670 - __main__ - INFO - Received data from worker1: {"type": "logs", "logs": [{"@timestamp": "2025-05-23T16:05:17.673898", "host": "ubuntu", "log_type":...
2025-05-23 16:06:18,166 - __main__ - INFO - Received data from worker1: {"type": "logs", "logs": [{"@timestamp": "2025-05-23T16:06:18.174621", "host": "ubuntu", "log_type":...
2025-05-23 16:07:18,656 - __main__ - INFO - Received data from worker1: {"type": "logs", "logs": [{"@timestamp": "2025-05-23T16:07:18.650909", "host": "ubuntu", "log_type":...
2025-05-23 16:08:19,246 - __main__ - INFO - Received data from worker1: {"type": "logs", "logs": [{"@timestamp": "2025-05-23T16:08:19.209221", "host": "ubuntu", "log_type":...
2025-05-23 16:09:19,688 - __main__ - INFO - Received data from worker1: {"type": "logs", "logs": [{"@timestamp": "2025-05-23T16:09:19.657114", "host": "ubuntu", "log_type":...
2025-05-23 16:10:20,369 - __main__ - INFO - Received data from worker1: {"type": "logs", "logs": [{"@timestamp": "2025-05-23T16:10:20.305692", "host": "ubuntu", "log_type":...
2025-05-23 16:11:20,897 - __main__ - INFO - Received data from worker1: {"type": "logs", "logs": [{"@timestamp": "2025-05-23T16:11:20.837020", "host": "ubuntu", "log_type":...
2025-05-23 16:12:21,444 - __main__ - INFO - Received data from worker1: {"type": "logs", "logs": [{"@timestamp": "2025-05-23T16:12:21.375417", "host": "ubuntu", "log_type":...
2025-05-23 16:13:22,117 - __main__ - INFO - Received data from worker1: {"type": "logs", "logs": [{"@timestamp": "2025-05-23T16:13:22.089526", "host": "ubuntu", "log_type":...
2025-05-23 16:14:22,614 - __main__ - INFO - Received data from worker1: {"type": "logs", "logs": [{"@timestamp": "2025-05-23T16:14:22.584521", "host": "ubuntu", "log_type":...
2025-05-23 16:48:17,028 - __main__ - INFO - Starting message queue server on 0.0.0.0:5555
2025-05-23 16:48:17,031 - __main__ - INFO - Message queue server started successfully
2025-05-23 16:48:18,868 - __main__ - INFO - Worker registered: worker1 (log_collector) at ubuntu
2025-05-23 16:48:18,962 - __main__ - INFO - Received data from worker1: {"type": "logs", "logs": [{"@timestamp": "2025-05-23T16:47:25.809793", "host": "ubuntu", "log_type":...
2025-05-23 16:48:26,560 - __main__ - INFO - Received data from worker1: {"type": "logs", "logs": [{"@timestamp": "2025-05-23T16:48:26.508049", "host": "ubuntu", "log_type":...
2025-05-23 16:49:49,087 - __main__ - INFO - Worker registered: worker1 (log_collector) at ubuntu
2025-05-23 16:49:49,361 - __main__ - INFO - Received data from worker1: {"type": "logs", "logs": [{"@timestamp": "2025-05-23T16:49:49.197901", "host": "ubuntu", "log_type":...
2025-05-23 16:50:49,765 - __main__ - INFO - Received data from worker1: {"type": "logs", "logs": [{"@timestamp": "2025-05-23T16:50:49.722976", "host": "ubuntu", "log_type":...
2025-05-23 16:51:49,868 - __main__ - INFO - Received data from worker1: {"type": "logs", "logs": [{"@timestamp": "2025-05-23T16:51:49.842156", "host": "ubuntu", "log_type":...
2025-05-23 16:51:57,267 - __main__ - INFO - Worker registered: worker1 (log_collector) at ubuntu
2025-05-23 16:51:57,295 - __main__ - INFO - Received data from worker1: {"type": "logs", "logs": [{"@timestamp": "2025-05-23T16:51:57.270491", "host": "ubuntu", "log_type":...
2025-05-23 16:52:49,907 - __main__ - INFO - Received data from worker1: {"type": "logs", "logs": [{"@timestamp": "2025-05-23T16:52:49.901540", "host": "ubuntu", "log_type":...
2025-05-23 16:52:57,368 - __main__ - INFO - Received data from worker1: {"type": "logs", "logs": [{"@timestamp": "2025-05-23T16:52:57.361302", "host": "ubuntu", "log_type":...
2025-05-23 16:53:50,059 - __main__ - INFO - Received data from worker1: {"type": "logs", "logs": [{"@timestamp": "2025-05-23T16:53:50.055103", "host": "ubuntu", "log_type":...
2025-05-23 16:54:50,189 - __main__ - INFO - Received data from worker1: {"type": "logs", "logs": [{"@timestamp": "2025-05-23T16:54:50.188944", "host": "ubuntu", "log_type":...
2025-05-23 16:54:57,593 - __main__ - INFO - Received data from worker1: {"type": "logs", "logs": [{"@timestamp": "2025-05-23T16:54:57.590333", "host": "ubuntu", "log_type":...
2025-05-23 16:55:50,351 - __main__ - INFO - Received data from worker1: {"type": "logs", "logs": [{"@timestamp": "2025-05-23T16:55:50.348911", "host": "ubuntu", "log_type":...
2025-05-23 16:55:57,674 - __main__ - INFO - Received data from worker1: {"type": "logs", "logs": [{"@timestamp": "2025-05-23T16:55:57.674130", "host": "ubuntu", "log_type":...
2025-05-23 16:56:50,513 - __main__ - INFO - Received data from worker1: {"type": "logs", "logs": [{"@timestamp": "2025-05-23T16:56:50.505240", "host": "ubuntu", "log_type":...
2025-05-23 16:56:57,756 - __main__ - INFO - Received data from worker1: {"type": "logs", "logs": [{"@timestamp": "2025-05-23T16:56:57.753962", "host": "ubuntu", "log_type":...
2025-05-23 16:57:50,696 - __main__ - INFO - Received data from worker1: {"type": "logs", "logs": [{"@timestamp": "2025-05-23T16:57:50.698966", "host": "ubuntu", "log_type":...
2025-05-23 16:57:57,852 - __main__ - INFO - Received data from worker1: {"type": "logs", "logs": [{"@timestamp": "2025-05-23T16:57:57.851008", "host": "ubuntu", "log_type":...
2025-05-23 16:58:50,869 - __main__ - INFO - Received data from worker1: {"type": "logs", "logs": [{"@timestamp": "2025-05-23T16:58:50.851684", "host": "ubuntu", "log_type":...
2025-05-23 16:58:58,048 - __main__ - INFO - Received data from worker1: {"type": "logs", "logs": [{"@timestamp": "2025-05-23T16:58:57.989955", "host": "ubuntu", "log_type":...
2025-05-23 16:59:51,036 - __main__ - INFO - Received data from worker1: {"type": "logs", "logs": [{"@timestamp": "2025-05-23T16:59:51.018316", "host": "ubuntu", "log_type":...
2025-05-23 16:59:58,243 - __main__ - INFO - Received data from worker1: {"type": "logs", "logs": [{"@timestamp": "2025-05-23T16:59:58.224052", "host": "ubuntu", "log_type":...
2025-05-23 17:00:51,201 - __main__ - INFO - Received data from worker1: {"type": "logs", "logs": [{"@timestamp": "2025-05-23T17:00:51.171296", "host": "ubuntu", "log_type":...
2025-05-23 17:00:58,410 - __main__ - INFO - Received data from worker1: {"type": "logs", "logs": [{"@timestamp": "2025-05-23T17:00:58.349778", "host": "ubuntu", "log_type":...
2025-05-23 17:01:51,393 - __main__ - INFO - Received data from worker1: {"type": "logs", "logs": [{"@timestamp": "2025-05-23T17:01:51.346162", "host": "ubuntu", "log_type":...
2025-05-23 17:01:58,547 - __main__ - INFO - Received data from worker1: {"type": "logs", "logs": [{"@timestamp": "2025-05-23T17:01:58.511017", "host": "ubuntu", "log_type":...
2025-05-23 17:02:51,532 - __main__ - INFO - Received data from worker1: {"type": "logs", "logs": [{"@timestamp": "2025-05-23T17:02:51.498189", "host": "ubuntu", "log_type":...
2025-05-23 17:02:58,709 - __main__ - INFO - Received data from worker1: {"type": "logs", "logs": [{"@timestamp": "2025-05-23T17:02:58.684040", "host": "ubuntu", "log_type":...
2025-05-23 17:04:29,314 - __main__ - INFO - Received data from worker1: {"type": "logs", "logs": [{"@timestamp": "2025-05-23T17:03:58.815060", "host": "ubuntu", "log_type":...
2025-05-23 17:04:52,344 - __main__ - INFO - Received data from worker1: {"type": "logs", "logs": [{"@timestamp": "2025-05-23T17:04:51.756357", "host": "ubuntu", "log_type":...
2025-05-23 17:05:29,520 - __main__ - INFO - Received data from worker1: {"type": "logs", "logs": [{"@timestamp": "2025-05-23T17:05:29.453406", "host": "ubuntu", "log_type":...
2025-05-23 17:05:52,599 - __main__ - INFO - Received data from worker1: {"type": "logs", "logs": [{"@timestamp": "2025-05-23T17:05:52.482808", "host": "ubuntu", "log_type":...
2025-05-23 17:06:29,695 - __main__ - INFO - Received data from worker1: {"type": "logs", "logs": [{"@timestamp": "2025-05-23T17:06:29.656486", "host": "ubuntu", "log_type":...
2025-05-23 17:06:52,936 - __main__ - INFO - Received data from worker1: {"type": "logs", "logs": [{"@timestamp": "2025-05-23T17:06:52.772778", "host": "ubuntu", "log_type":...
2025-05-23 17:07:29,911 - __main__ - INFO - Received data from worker1: {"type": "logs", "logs": [{"@timestamp": "2025-05-23T17:07:29.826493", "host": "ubuntu", "log_type":...
2025-05-23 17:07:53,182 - __main__ - INFO - Received data from worker1: {"type": "logs", "logs": [{"@timestamp": "2025-05-23T17:07:53.128044", "host": "ubuntu", "log_type":...
2025-05-23 17:08:30,142 - __main__ - INFO - Received data from worker1: {"type": "logs", "logs": [{"@timestamp": "2025-05-23T17:08:30.059672", "host": "ubuntu", "log_type":...
2025-05-23 17:08:40,683 - __main__ - INFO - Starting message queue server on 0.0.0.0:5555
2025-05-23 17:08:40,684 - __main__ - INFO - Message queue server started successfully
2025-06-01 11:01:43,121 - __main__ - INFO - Starting message queue server on 0.0.0.0:5555
2025-06-01 11:01:43,122 - __main__ - ERROR - Error in message queue server: Address already in use (addr='tcp://0.0.0.0:5555')
2025-06-01 11:02:00,639 - __main__ - INFO - Starting message queue server on 0.0.0.0:5555
2025-06-01 11:02:00,640 - __main__ - INFO - Message queue server started successfully
2025-06-01 11:02:27,986 - __main__ - INFO - Worker registered: worker1 (scanner) at ubuntu
2025-06-01 11:02:41,678 - __main__ - INFO - Received data from worker1: {"type": "logs", "logs": [{"@timestamp": "2025-06-01T11:02:41.473250", "host": "ubuntu", "log_type":...
2025-06-01 11:03:41,943 - __main__ - INFO - Received data from worker1: {"type": "logs", "logs": [{"@timestamp": "2025-06-01T11:03:41.766853", "host": "ubuntu", "log_type":...
2025-06-01 11:04:42,128 - __main__ - INFO - Received data from worker1: {"type": "logs", "logs": [{"@timestamp": "2025-06-01T11:04:42.011734", "host": "ubuntu", "log_type":...
2025-06-01 11:05:42,278 - __main__ - INFO - Received data from worker1: {"type": "logs", "logs": [{"@timestamp": "2025-06-01T11:05:42.163218", "host": "ubuntu", "log_type":...
2025-06-01 11:06:42,494 - __main__ - INFO - Received data from worker1: {"type": "logs", "logs": [{"@timestamp": "2025-06-01T11:06:42.373368", "host": "ubuntu", "log_type":...
2025-06-01 11:07:42,799 - __main__ - INFO - Received data from worker1: {"type": "logs", "logs": [{"@timestamp": "2025-06-01T11:07:42.649979", "host": "ubuntu", "log_type":...
2025-06-01 11:08:42,965 - __main__ - INFO - Received data from worker1: {"type": "logs", "logs": [{"@timestamp": "2025-06-01T11:08:42.850591", "host": "ubuntu", "log_type":...
2025-06-01 11:09:43,070 - __main__ - INFO - Received data from worker1: {"type": "logs", "logs": [{"@timestamp": "2025-06-01T11:09:42.980636", "host": "ubuntu", "log_type":...
2025-06-01 11:10:43,244 - __main__ - INFO - Received data from worker1: {"type": "logs", "logs": [{"@timestamp": "2025-06-01T11:10:43.116403", "host": "ubuntu", "log_type":...
2025-06-01 11:11:43,388 - __main__ - INFO - Received data from worker1: {"type": "logs", "logs": [{"@timestamp": "2025-06-01T11:11:43.268379", "host": "ubuntu", "log_type":...
2025-06-01 11:12:43,662 - __main__ - INFO - Received data from worker1: {"type": "logs", "logs": [{"@timestamp": "2025-06-01T11:12:43.456140", "host": "ubuntu", "log_type":...
2025-06-01 11:13:43,995 - __main__ - INFO - Received data from worker1: {"type": "logs", "logs": [{"@timestamp": "2025-06-01T11:13:43.866991", "host": "ubuntu", "log_type":...
2025-06-01 11:14:44,225 - __main__ - INFO - Received data from worker1: {"type": "logs", "logs": [{"@timestamp": "2025-06-01T11:14:44.058660", "host": "ubuntu", "log_type":...
2025-06-01 11:15:44,467 - __main__ - INFO - Received data from worker1: {"type": "logs", "logs": [{"@timestamp": "2025-06-01T11:15:44.369214", "host": "ubuntu", "log_type":...
2025-06-01 11:16:44,685 - __main__ - INFO - Received data from worker1: {"type": "logs", "logs": [{"@timestamp": "2025-06-01T11:16:44.566999", "host": "ubuntu", "log_type":...
2025-06-01 11:17:44,955 - __main__ - INFO - Received data from worker1: {"type": "logs", "logs": [{"@timestamp": "2025-06-01T11:17:44.824140", "host": "ubuntu", "log_type":...
2025-06-01 11:18:45,236 - __main__ - INFO - Received data from worker1: {"type": "logs", "logs": [{"@timestamp": "2025-06-01T11:18:45.149858", "host": "ubuntu", "log_type":...
2025-06-01 11:19:45,412 - __main__ - INFO - Received data from worker1: {"type": "logs", "logs": [{"@timestamp": "2025-06-01T11:19:45.328411", "host": "ubuntu", "log_type":...
2025-06-01 11:20:45,613 - __main__ - INFO - Received data from worker1: {"type": "logs", "logs": [{"@timestamp": "2025-06-01T11:20:45.520063", "host": "ubuntu", "log_type":...
2025-06-01 11:21:45,934 - __main__ - INFO - Received data from worker1: {"type": "logs", "logs": [{"@timestamp": "2025-06-01T11:21:45.784995", "host": "ubuntu", "log_type":...
2025-06-01 11:22:46,071 - __main__ - INFO - Received data from worker1: {"type": "logs", "logs": [{"@timestamp": "2025-06-01T11:22:45.979183", "host": "ubuntu", "log_type":...
2025-06-01 11:23:46,295 - __main__ - INFO - Received data from worker1: {"type": "logs", "logs": [{"@timestamp": "2025-06-01T11:23:46.203746", "host": "ubuntu", "log_type":...
2025-06-01 11:24:46,539 - __main__ - INFO - Received data from worker1: {"type": "logs", "logs": [{"@timestamp": "2025-06-01T11:24:46.449990", "host": "ubuntu", "log_type":...
2025-06-01 11:25:46,899 - __main__ - INFO - Received data from worker1: {"type": "logs", "logs": [{"@timestamp": "2025-06-01T11:25:46.707578", "host": "ubuntu", "log_type":...
2025-06-01 11:26:47,135 - __main__ - INFO - Received data from worker1: {"type": "logs", "logs": [{"@timestamp": "2025-06-01T11:26:47.043388", "host": "ubuntu", "log_type":...
2025-06-01 11:27:47,395 - __main__ - INFO - Received data from worker1: {"type": "logs", "logs": [{"@timestamp": "2025-06-01T11:27:47.311056", "host": "ubuntu", "log_type":...
2025-06-01 11:28:47,765 - __main__ - INFO - Received data from worker1: {"type": "logs", "logs": [{"@timestamp": "2025-06-01T11:28:47.587613", "host": "ubuntu", "log_type":...
2025-06-01 11:29:48,071 - __main__ - INFO - Received data from worker1: {"type": "logs", "logs": [{"@timestamp": "2025-06-01T11:29:47.995379", "host": "ubuntu", "log_type":...
2025-06-01 11:30:48,280 - __main__ - INFO - Received data from worker1: {"type": "logs", "logs": [{"@timestamp": "2025-06-01T11:30:48.204032", "host": "ubuntu", "log_type":...
2025-06-01 11:31:48,538 - __main__ - INFO - Received data from worker1: {"type": "logs", "logs": [{"@timestamp": "2025-06-01T11:31:48.416721", "host": "ubuntu", "log_type":...
2025-06-01 11:32:48,764 - __main__ - INFO - Received data from worker1: {"type": "logs", "logs": [{"@timestamp": "2025-06-01T11:32:48.644121", "host": "ubuntu", "log_type":...
2025-06-01 11:33:49,105 - __main__ - INFO - Received data from worker1: {"type": "logs", "logs": [{"@timestamp": "2025-06-01T11:33:48.955188", "host": "ubuntu", "log_type":...
2025-06-01 11:34:49,259 - __main__ - INFO - Received data from worker1: {"type": "logs", "logs": [{"@timestamp": "2025-06-01T11:34:49.179684", "host": "ubuntu", "log_type":...
2025-06-01 11:35:49,556 - __main__ - INFO - Received data from worker1: {"type": "logs", "logs": [{"@timestamp": "2025-06-01T11:35:49.491117", "host": "ubuntu", "log_type":...
2025-06-01 11:36:49,846 - __main__ - INFO - Received data from worker1: {"type": "logs", "logs": [{"@timestamp": "2025-06-01T11:36:49.749201", "host": "ubuntu", "log_type":...
2025-06-01 11:37:50,285 - __main__ - INFO - Received data from worker1: {"type": "logs", "logs": [{"@timestamp": "2025-06-01T11:37:50.000927", "host": "ubuntu", "log_type":...
2025-06-01 11:38:50,524 - __main__ - INFO - Received data from worker1: {"type": "logs", "logs": [{"@timestamp": "2025-06-01T11:38:50.442007", "host": "ubuntu", "log_type":...
2025-06-01 11:39:50,864 - __main__ - INFO - Received data from worker1: {"type": "logs", "logs": [{"@timestamp": "2025-06-01T11:39:50.746564", "host": "ubuntu", "log_type":...
2025-06-01 11:40:51,133 - __main__ - INFO - Received data from worker1: {"type": "logs", "logs": [{"@timestamp": "2025-06-01T11:40:50.971553", "host": "ubuntu", "log_type":...
2025-06-01 11:41:51,385 - __main__ - INFO - Received data from worker1: {"type": "logs", "logs": [{"@timestamp": "2025-06-01T11:41:51.331663", "host": "ubuntu", "log_type":...
2025-06-01 11:42:51,631 - __main__ - INFO - Received data from worker1: {"type": "logs", "logs": [{"@timestamp": "2025-06-01T11:42:51.572172", "host": "ubuntu", "log_type":...
2025-06-01 11:43:52,039 - __main__ - INFO - Received data from worker1: {"type": "logs", "logs": [{"@timestamp": "2025-06-01T11:43:51.944047", "host": "ubuntu", "log_type":...
2025-06-01 11:43:58,749 - __main__ - INFO - Server shutting down...
2025-06-01 11:43:58,770 - __main__ - INFO - Message queue server stopped
