2025-05-23 14:42:33,083 - __main__ - INFO - Starting message queue server on 0.0.0.0:5555
2025-05-23 14:42:33,084 - __main__ - ERROR - Error in message queue server: Address already in use (addr='tcp://0.0.0.0:5555')
2025-05-23 14:55:20,921 - __main__ - INFO - Starting message queue server on 0.0.0.0:5555
2025-05-23 14:55:20,922 - __main__ - ERROR - Error in message queue server: Address already in use (addr='tcp://0.0.0.0:5555')
2025-05-23 15:07:35,667 - __main__ - INFO - Starting message queue server on 0.0.0.0:5555
2025-05-23 15:07:35,667 - __main__ - ERROR - Error in message queue server: Address already in use (addr='tcp://0.0.0.0:5555')
2025-05-23 16:51:15,428 - __main__ - INFO - Starting message queue server on 0.0.0.0:5555
2025-05-23 16:51:15,429 - __main__ - ERROR - Error in message queue server: Address already in use (addr='tcp://0.0.0.0:5555')
2025-05-23 16:51:21,732 - __main__ - INFO - Starting message queue server on 0.0.0.0:5555
2025-05-23 16:51:21,732 - __main__ - ERROR - Error in message queue server: Address already in use (addr='tcp://0.0.0.0:5555')
2025-05-23 17:02:17,623 - __main__ - INFO - Starting message queue server on 0.0.0.0:5555
2025-05-23 17:02:17,625 - __main__ - ERROR - Error in message queue server: Address already in use (addr='tcp://0.0.0.0:5555')
2025-05-23 17:05:51,304 - __main__ - INFO - Starting message queue server on 0.0.0.0:5555
2025-05-23 17:05:51,305 - __main__ - ERROR - Error in message queue server: Address already in use (addr='tcp://0.0.0.0:5555')
2025-05-23 17:07:20,678 - __main__ - INFO - Starting message queue server on 0.0.0.0:5555
2025-05-23 17:07:20,679 - __main__ - ERROR - Error in message queue server: Address already in use (addr='tcp://0.0.0.0:5555')
2025-05-23 17:08:50,846 - __main__ - INFO - Starting message queue server on 0.0.0.0:5555
2025-05-23 17:08:50,847 - __main__ - ERROR - Error in message queue server: Address already in use (addr='tcp://0.0.0.0:5555')
2025-05-23 17:10:00,640 - __main__ - INFO - Starting message queue server on 0.0.0.0:5555
2025-05-23 17:10:00,640 - __main__ - INFO - Message queue server started successfully
2025-05-23 17:10:40,174 - __main__ - INFO - Worker registered: worker2 (scanner) at ubuntu
2025-06-01 10:00:28,125 - __main__ - INFO - Worker registered: worker2 (scanner) at ubuntu
2025-06-01 10:05:11,425 - __main__ - INFO - Server shutting down...
2025-06-01 10:05:11,460 - __main__ - INFO - Message queue server stopped
2025-06-01 10:05:16,045 - __main__ - INFO - Starting message queue server on 0.0.0.0:5555
2025-06-01 10:05:16,046 - __main__ - INFO - Message queue server started successfully
2025-06-01 10:17:07,176 - __main__ - INFO - Worker registered: worker1 (log_collector) at ubuntu
2025-06-01 10:16:33,046 - __main__ - INFO - Worker registered: worker2 (scanner) at ubuntu
2025-06-01 10:17:07,629 - __main__ - INFO - Received data from worker1: {"type": "logs", "logs": [{"@timestamp": "2025-06-01T10:17:07.588698", "host": "ubuntu", "log_type":...
2025-06-01 10:18:07,680 - __main__ - INFO - Received data from worker1: {"type": "logs", "logs": [{"@timestamp": "2025-06-01T10:18:07.643252", "host": "ubuntu", "log_type":...
2025-06-01 10:19:07,765 - __main__ - INFO - Received data from worker1: {"type": "logs", "logs": [{"@timestamp": "2025-06-01T10:19:07.716678", "host": "ubuntu", "log_type":...
2025-06-01 10:20:07,850 - __main__ - INFO - Received data from worker1: {"type": "logs", "logs": [{"@timestamp": "2025-06-01T10:20:07.804057", "host": "ubuntu", "log_type":...
2025-06-01 10:21:08,053 - __main__ - INFO - Received data from worker1: {"type": "logs", "logs": [{"@timestamp": "2025-06-01T10:21:07.915281", "host": "ubuntu", "log_type":...
2025-06-01 10:22:08,198 - __main__ - INFO - Received data from worker1: {"type": "logs", "logs": [{"@timestamp": "2025-06-01T10:22:08.138102", "host": "ubuntu", "log_type":...
2025-06-01 10:23:08,319 - __main__ - INFO - Received data from worker1: {"type": "logs", "logs": [{"@timestamp": "2025-06-01T10:23:08.218699", "host": "ubuntu", "log_type":...
2025-06-01 10:24:08,489 - __main__ - INFO - Received data from worker1: {"type": "logs", "logs": [{"@timestamp": "2025-06-01T10:24:08.349551", "host": "ubuntu", "log_type":...
2025-06-01 10:25:08,619 - __main__ - INFO - Received data from worker1: {"type": "logs", "logs": [{"@timestamp": "2025-06-01T10:25:08.514714", "host": "ubuntu", "log_type":...
2025-06-01 10:26:08,795 - __main__ - INFO - Received data from worker1: {"type": "logs", "logs": [{"@timestamp": "2025-06-01T10:26:08.699801", "host": "ubuntu", "log_type":...
2025-06-01 10:27:08,929 - __main__ - INFO - Received data from worker1: {"type": "logs", "logs": [{"@timestamp": "2025-06-01T10:27:08.870760", "host": "ubuntu", "log_type":...
2025-06-01 10:28:09,054 - __main__ - INFO - Received data from worker1: {"type": "logs", "logs": [{"@timestamp": "2025-06-01T10:28:09.000681", "host": "ubuntu", "log_type":...
2025-06-01 10:29:09,183 - __main__ - INFO - Received data from worker1: {"type": "logs", "logs": [{"@timestamp": "2025-06-01T10:29:09.129885", "host": "ubuntu", "log_type":...
2025-06-01 10:30:09,326 - __main__ - INFO - Received data from worker1: {"type": "logs", "logs": [{"@timestamp": "2025-06-01T10:30:09.276956", "host": "ubuntu", "log_type":...
2025-06-01 10:31:09,462 - __main__ - INFO - Received data from worker1: {"type": "logs", "logs": [{"@timestamp": "2025-06-01T10:31:09.404200", "host": "ubuntu", "log_type":...
2025-06-01 10:32:09,551 - __main__ - INFO - Received data from worker1: {"type": "logs", "logs": [{"@timestamp": "2025-06-01T10:32:09.499684", "host": "ubuntu", "log_type":...
2025-06-01 10:33:09,686 - __main__ - INFO - Received data from worker1: {"type": "logs", "logs": [{"@timestamp": "2025-06-01T10:33:09.612767", "host": "ubuntu", "log_type":...
2025-06-01 10:34:09,953 - __main__ - INFO - Received data from worker1: {"type": "logs", "logs": [{"@timestamp": "2025-06-01T10:34:09.863790", "host": "ubuntu", "log_type":...
2025-06-01 10:35:10,122 - __main__ - INFO - Received data from worker1: {"type": "logs", "logs": [{"@timestamp": "2025-06-01T10:35:10.084187", "host": "ubuntu", "log_type":...
2025-06-01 10:35:51,117 - __main__ - INFO - Server shutting down...
2025-06-01 10:35:51,123 - __main__ - INFO - Message queue server stopped
2025-06-01 10:35:52,770 - __main__ - INFO - Starting message queue server on 0.0.0.0:5555
2025-06-01 10:35:52,771 - __main__ - INFO - Message queue server started successfully
2025-06-01 10:42:39,127 - __main__ - INFO - Worker registered: worker1 (log_collector) at ubuntu
2025-06-01 10:44:39,326 - __main__ - INFO - Received data from worker1: {"type": "logs", "logs": [{"@timestamp": "2025-06-01T10:44:39.255070", "host": "ubuntu", "log_type":...
2025-06-01 10:46:39,484 - __main__ - INFO - Received data from worker1: {"type": "logs", "logs": [{"@timestamp": "2025-06-01T10:46:39.438790", "host": "ubuntu", "log_type":...
2025-06-01 10:48:39,716 - __main__ - INFO - Received data from worker1: {"type": "logs", "logs": [{"@timestamp": "2025-06-01T10:48:39.630963", "host": "ubuntu", "log_type":...
2025-06-01 10:49:39,835 - __main__ - INFO - Received data from worker1: {"type": "logs", "logs": [{"@timestamp": "2025-06-01T10:49:39.785614", "host": "ubuntu", "log_type":...
2025-06-01 10:50:39,954 - __main__ - INFO - Received data from worker1: {"type": "logs", "logs": [{"@timestamp": "2025-06-01T10:50:39.900471", "host": "ubuntu", "log_type":...
2025-06-01 10:54:40,472 - __main__ - INFO - Received data from worker1: {"type": "logs", "logs": [{"@timestamp": "2025-06-01T10:54:40.301258", "host": "ubuntu", "log_type":...
2025-06-01 10:56:40,627 - __main__ - INFO - Received data from worker1: {"type": "logs", "logs": [{"@timestamp": "2025-06-01T10:56:40.539267", "host": "ubuntu", "log_type":...
2025-06-01 10:57:40,774 - __main__ - INFO - Received data from worker1: {"type": "logs", "logs": [{"@timestamp": "2025-06-01T10:57:40.689392", "host": "ubuntu", "log_type":...
2025-06-01 10:58:41,010 - __main__ - INFO - Received data from worker1: {"type": "logs", "logs": [{"@timestamp": "2025-06-01T10:58:40.828212", "host": "ubuntu", "log_type":...
2025-06-01 10:59:41,139 - __main__ - INFO - Received data from worker1: {"type": "logs", "logs": [{"@timestamp": "2025-06-01T10:59:41.043507", "host": "ubuntu", "log_type":...
2025-06-01 11:00:41,310 - __main__ - INFO - Received data from worker1: {"type": "logs", "logs": [{"@timestamp": "2025-06-01T11:00:41.211317", "host": "ubuntu", "log_type":...
2025-06-01 11:01:41,425 - __main__ - INFO - Received data from worker1: {"type": "logs", "logs": [{"@timestamp": "2025-06-01T11:01:41.320674", "host": "ubuntu", "log_type":...
2025-06-01 11:01:56,305 - __main__ - INFO - Server shutting down...
2025-06-01 11:01:56,309 - __main__ - INFO - Message queue server stopped
2025-06-01 11:44:08,348 - __main__ - INFO - Starting message queue server on 0.0.0.0:5555
2025-06-01 11:44:08,350 - __main__ - INFO - Message queue server started successfully
2025-06-01 11:49:14,421 - __main__ - INFO - Worker registered: worker1 (scanner) at ubuntu
2025-06-01 11:49:22,857 - __main__ - INFO - Worker registered: worker1 (log_collector) at ubuntu
2025-06-01 11:50:23,010 - __main__ - INFO - Received data from worker1: {"type": "logs", "logs": [{"@timestamp": "2025-06-01T11:50:22.940186", "host": "ubuntu", "log_type":...
2025-06-01 11:52:23,270 - __main__ - INFO - Received data from worker1: {"type": "logs", "logs": [{"@timestamp": "2025-06-01T11:52:23.198080", "host": "ubuntu", "log_type":...
2025-06-01 11:54:23,500 - __main__ - INFO - Received data from worker1: {"type": "logs", "logs": [{"@timestamp": "2025-06-01T11:54:23.470982", "host": "ubuntu", "log_type":...
2025-06-01 11:55:23,639 - __main__ - INFO - Received data from worker1: {"type": "logs", "logs": [{"@timestamp": "2025-06-01T11:55:23.615733", "host": "ubuntu", "log_type":...
2025-06-01 11:56:23,727 - __main__ - INFO - Received data from worker1: {"type": "logs", "logs": [{"@timestamp": "2025-06-01T11:56:23.698852", "host": "ubuntu", "log_type":...
2025-06-01 11:57:23,828 - __main__ - INFO - Received data from worker1: {"type": "logs", "logs": [{"@timestamp": "2025-06-01T11:57:23.803286", "host": "ubuntu", "log_type":...
2025-06-01 11:58:24,017 - __main__ - INFO - Received data from worker1: {"type": "logs", "logs": [{"@timestamp": "2025-06-01T11:58:23.953170", "host": "ubuntu", "log_type":...
2025-06-01 11:59:24,205 - __main__ - INFO - Received data from worker1: {"type": "logs", "logs": [{"@timestamp": "2025-06-01T11:59:24.147375", "host": "ubuntu", "log_type":...
2025-06-01 12:00:24,532 - __main__ - INFO - Received data from worker1: {"type": "logs", "logs": [{"@timestamp": "2025-06-01T12:00:24.314317", "host": "ubuntu", "log_type":...
2025-06-01 12:01:24,751 - __main__ - INFO - Received data from worker1: {"type": "logs", "logs": [{"@timestamp": "2025-06-01T12:01:24.693740", "host": "ubuntu", "log_type":...
2025-06-01 12:02:24,922 - __main__ - INFO - Received data from worker1: {"type": "logs", "logs": [{"@timestamp": "2025-06-01T12:02:24.867545", "host": "ubuntu", "log_type":...
2025-06-01 12:03:25,136 - __main__ - INFO - Received data from worker1: {"type": "logs", "logs": [{"@timestamp": "2025-06-01T12:03:25.059190", "host": "ubuntu", "log_type":...
2025-06-01 12:04:25,271 - __main__ - INFO - Received data from worker1: {"type": "logs", "logs": [{"@timestamp": "2025-06-01T12:04:25.245137", "host": "ubuntu", "log_type":...
2025-06-01 12:05:25,379 - __main__ - INFO - Received data from worker1: {"type": "logs", "logs": [{"@timestamp": "2025-06-01T12:05:25.345806", "host": "ubuntu", "log_type":...
2025-06-01 12:06:25,497 - __main__ - INFO - Received data from worker1: {"type": "logs", "logs": [{"@timestamp": "2025-06-01T12:06:25.466652", "host": "ubuntu", "log_type":...
2025-06-01 12:07:25,758 - __main__ - INFO - Received data from worker1: {"type": "logs", "logs": [{"@timestamp": "2025-06-01T12:07:25.617367", "host": "ubuntu", "log_type":...
2025-06-01 12:08:25,929 - __main__ - INFO - Received data from worker1: {"type": "logs", "logs": [{"@timestamp": "2025-06-01T12:08:25.894031", "host": "ubuntu", "log_type":...
2025-06-01 12:09:26,077 - __main__ - INFO - Received data from worker1: {"type": "logs", "logs": [{"@timestamp": "2025-06-01T12:09:26.045035", "host": "ubuntu", "log_type":...
2025-06-01 12:10:26,187 - __main__ - INFO - Received data from worker1: {"type": "logs", "logs": [{"@timestamp": "2025-06-01T12:10:26.151621", "host": "ubuntu", "log_type":...
2025-06-01 12:11:26,315 - __main__ - INFO - Received data from worker1: {"type": "logs", "logs": [{"@timestamp": "2025-06-01T12:11:26.267216", "host": "ubuntu", "log_type":...
2025-06-01 12:12:26,446 - __main__ - INFO - Received data from worker1: {"type": "logs", "logs": [{"@timestamp": "2025-06-01T12:12:26.408854", "host": "ubuntu", "log_type":...
2025-06-01 12:13:26,561 - __main__ - INFO - Received data from worker1: {"type": "logs", "logs": [{"@timestamp": "2025-06-01T12:13:26.524527", "host": "ubuntu", "log_type":...
2025-06-01 12:14:26,691 - __main__ - INFO - Received data from worker1: {"type": "logs", "logs": [{"@timestamp": "2025-06-01T12:14:26.653405", "host": "ubuntu", "log_type":...
2025-06-01 12:15:26,848 - __main__ - INFO - Received data from worker1: {"type": "logs", "logs": [{"@timestamp": "2025-06-01T12:15:26.761731", "host": "ubuntu", "log_type":...
2025-06-01 12:16:27,140 - __main__ - INFO - Received data from worker1: {"type": "logs", "logs": [{"@timestamp": "2025-06-01T12:16:26.967755", "host": "ubuntu", "log_type":...
2025-06-01 12:17:27,288 - __main__ - INFO - Received data from worker1: {"type": "logs", "logs": [{"@timestamp": "2025-06-01T12:17:27.212572", "host": "ubuntu", "log_type":...
2025-06-01 12:18:27,529 - __main__ - INFO - Received data from worker1: {"type": "logs", "logs": [{"@timestamp": "2025-06-01T12:18:27.468872", "host": "ubuntu", "log_type":...
2025-06-01 12:19:27,751 - __main__ - INFO - Received data from worker1: {"type": "logs", "logs": [{"@timestamp": "2025-06-01T12:19:27.662411", "host": "ubuntu", "log_type":...
2025-06-01 12:20:27,870 - __main__ - INFO - Received data from worker1: {"type": "logs", "logs": [{"@timestamp": "2025-06-01T12:20:27.839854", "host": "ubuntu", "log_type":...
2025-06-01 12:21:28,102 - __main__ - INFO - Received data from worker1: {"type": "logs", "logs": [{"@timestamp": "2025-06-01T12:21:28.061261", "host": "ubuntu", "log_type":...
2025-06-01 12:22:28,300 - __main__ - INFO - Received data from worker1: {"type": "logs", "logs": [{"@timestamp": "2025-06-01T12:22:28.269168", "host": "ubuntu", "log_type":...
2025-06-01 12:23:28,545 - __main__ - INFO - Received data from worker1: {"type": "logs", "logs": [{"@timestamp": "2025-06-01T12:23:28.501906", "host": "ubuntu", "log_type":...
2025-06-01 12:24:28,823 - __main__ - INFO - Received data from worker1: {"type": "logs", "logs": [{"@timestamp": "2025-06-01T12:24:28.783482", "host": "ubuntu", "log_type":...
2025-06-01 12:25:28,995 - __main__ - INFO - Received data from worker1: {"type": "logs", "logs": [{"@timestamp": "2025-06-01T12:25:28.964190", "host": "ubuntu", "log_type":...
2025-06-01 12:26:29,242 - __main__ - INFO - Received data from worker1: {"type": "logs", "logs": [{"@timestamp": "2025-06-01T12:26:29.201468", "host": "ubuntu", "log_type":...
2025-06-01 12:27:29,526 - __main__ - INFO - Received data from worker1: {"type": "logs", "logs": [{"@timestamp": "2025-06-01T12:27:29.487360", "host": "ubuntu", "log_type":...
2025-06-01 12:28:29,752 - __main__ - INFO - Received data from worker1: {"type": "logs", "logs": [{"@timestamp": "2025-06-01T12:28:29.718058", "host": "ubuntu", "log_type":...
2025-06-01 12:29:30,083 - __main__ - INFO - Received data from worker1: {"type": "logs", "logs": [{"@timestamp": "2025-06-01T12:29:29.955690", "host": "ubuntu", "log_type":...
2025-06-01 12:30:30,455 - __main__ - INFO - Received data from worker1: {"type": "logs", "logs": [{"@timestamp": "2025-06-01T12:30:30.367047", "host": "ubuntu", "log_type":...
2025-06-01 12:31:30,788 - __main__ - INFO - Received data from worker1: {"type": "logs", "logs": [{"@timestamp": "2025-06-01T12:31:30.750515", "host": "ubuntu", "log_type":...
2025-06-01 12:32:30,991 - __main__ - INFO - Received data from worker1: {"type": "logs", "logs": [{"@timestamp": "2025-06-01T12:32:30.953943", "host": "ubuntu", "log_type":...
2025-06-01 12:33:31,317 - __main__ - INFO - Received data from worker1: {"type": "logs", "logs": [{"@timestamp": "2025-06-01T12:33:31.292476", "host": "ubuntu", "log_type":...
2025-06-01 12:34:31,622 - __main__ - INFO - Received data from worker1: {"type": "logs", "logs": [{"@timestamp": "2025-06-01T12:34:31.550202", "host": "ubuntu", "log_type":...
2025-06-01 12:35:31,852 - __main__ - INFO - Received data from worker1: {"type": "logs", "logs": [{"@timestamp": "2025-06-01T12:35:31.815627", "host": "ubuntu", "log_type":...
2025-06-01 12:36:32,088 - __main__ - INFO - Received data from worker1: {"type": "logs", "logs": [{"@timestamp": "2025-06-01T12:36:32.066166", "host": "ubuntu", "log_type":...
2025-06-01 12:37:32,306 - __main__ - INFO - Received data from worker1: {"type": "logs", "logs": [{"@timestamp": "2025-06-01T12:37:32.287830", "host": "ubuntu", "log_type":...
2025-06-01 12:38:32,618 - __main__ - INFO - Received data from worker1: {"type": "logs", "logs": [{"@timestamp": "2025-06-01T12:38:32.587031", "host": "ubuntu", "log_type":...
2025-06-01 12:39:32,972 - __main__ - INFO - Received data from worker1: {"type": "logs", "logs": [{"@timestamp": "2025-06-01T12:39:32.957754", "host": "ubuntu", "log_type":...
2025-06-01 12:40:33,227 - __main__ - INFO - Received data from worker1: {"type": "logs", "logs": [{"@timestamp": "2025-06-01T12:40:33.187265", "host": "ubuntu", "log_type":...
2025-06-01 12:41:33,522 - __main__ - INFO - Received data from worker1: {"type": "logs", "logs": [{"@timestamp": "2025-06-01T12:41:33.475027", "host": "ubuntu", "log_type":...
2025-06-01 12:42:33,870 - __main__ - INFO - Received data from worker1: {"type": "logs", "logs": [{"@timestamp": "2025-06-01T12:42:33.855305", "host": "ubuntu", "log_type":...
2025-06-01 12:43:34,238 - __main__ - INFO - Received data from worker1: {"type": "logs", "logs": [{"@timestamp": "2025-06-01T12:43:34.154606", "host": "ubuntu", "log_type":...
2025-06-01 12:44:41,513 - __main__ - INFO - Received data from worker1: {"type": "logs", "logs": [{"@timestamp": "2025-06-01T12:44:34.943779", "host": "ubuntu", "log_type":...
2025-06-01 12:45:42,252 - __main__ - INFO - Received data from worker1: {"type": "logs", "logs": [{"@timestamp": "2025-06-01T12:45:42.163574", "host": "ubuntu", "log_type":...
2025-06-01 12:46:42,725 - __main__ - INFO - Received data from worker1: {"type": "logs", "logs": [{"@timestamp": "2025-06-01T12:46:42.658572", "host": "ubuntu", "log_type":...
2025-06-01 12:47:43,106 - __main__ - INFO - Received data from worker1: {"type": "logs", "logs": [{"@timestamp": "2025-06-01T12:47:43.048390", "host": "ubuntu", "log_type":...
2025-06-01 12:48:43,959 - __main__ - INFO - Received data from worker1: {"type": "logs", "logs": [{"@timestamp": "2025-06-01T12:48:43.902189", "host": "ubuntu", "log_type":...
2025-06-01 12:49:44,451 - __main__ - INFO - Received data from worker1: {"type": "logs", "logs": [{"@timestamp": "2025-06-01T12:49:44.423539", "host": "ubuntu", "log_type":...
2025-06-01 12:50:44,997 - __main__ - INFO - Received data from worker1: {"type": "logs", "logs": [{"@timestamp": "2025-06-01T12:50:44.930456", "host": "ubuntu", "log_type":...
2025-06-01 12:51:45,508 - __main__ - INFO - Received data from worker1: {"type": "logs", "logs": [{"@timestamp": "2025-06-01T12:51:45.408741", "host": "ubuntu", "log_type":...
2025-06-01 12:52:45,960 - __main__ - INFO - Received data from worker1: {"type": "logs", "logs": [{"@timestamp": "2025-06-01T12:52:45.876345", "host": "ubuntu", "log_type":...
2025-06-01 12:53:46,500 - __main__ - INFO - Received data from worker1: {"type": "logs", "logs": [{"@timestamp": "2025-06-01T12:53:46.399654", "host": "ubuntu", "log_type":...
2025-06-01 12:54:46,911 - __main__ - INFO - Received data from worker1: {"type": "logs", "logs": [{"@timestamp": "2025-06-01T12:54:46.868026", "host": "ubuntu", "log_type":...
2025-06-01 12:55:47,502 - __main__ - INFO - Received data from worker1: {"type": "logs", "logs": [{"@timestamp": "2025-06-01T12:55:47.452092", "host": "ubuntu", "log_type":...
2025-06-01 12:56:47,925 - __main__ - INFO - Received data from worker1: {"type": "logs", "logs": [{"@timestamp": "2025-06-01T12:56:47.870917", "host": "ubuntu", "log_type":...
2025-06-01 12:57:48,350 - __main__ - INFO - Received data from worker1: {"type": "logs", "logs": [{"@timestamp": "2025-06-01T12:57:48.293644", "host": "ubuntu", "log_type":...
2025-06-01 12:58:48,844 - __main__ - INFO - Received data from worker1: {"type": "logs", "logs": [{"@timestamp": "2025-06-01T12:58:48.806709", "host": "ubuntu", "log_type":...
2025-06-01 12:59:49,264 - __main__ - INFO - Received data from worker1: {"type": "logs", "logs": [{"@timestamp": "2025-06-01T12:59:49.232358", "host": "ubuntu", "log_type":...
2025-06-01 13:00:49,744 - __main__ - INFO - Received data from worker1: {"type": "logs", "logs": [{"@timestamp": "2025-06-01T13:00:49.661786", "host": "ubuntu", "log_type":...
2025-06-01 13:01:50,315 - __main__ - INFO - Received data from worker1: {"type": "logs", "logs": [{"@timestamp": "2025-06-01T13:01:50.228688", "host": "ubuntu", "log_type":...
2025-06-01 13:02:50,880 - __main__ - INFO - Received data from worker1: {"type": "logs", "logs": [{"@timestamp": "2025-06-01T13:02:50.723299", "host": "ubuntu", "log_type":...
2025-06-01 13:03:51,485 - __main__ - INFO - Received data from worker1: {"type": "logs", "logs": [{"@timestamp": "2025-06-01T13:03:51.398877", "host": "ubuntu", "log_type":...
2025-06-01 13:04:52,142 - __main__ - INFO - Received data from worker1: {"type": "logs", "logs": [{"@timestamp": "2025-06-01T13:04:52.035648", "host": "ubuntu", "log_type":...
2025-06-01 13:05:52,543 - __main__ - INFO - Received data from worker1: {"type": "logs", "logs": [{"@timestamp": "2025-06-01T13:05:52.451818", "host": "ubuntu", "log_type":...
2025-06-01 13:06:52,939 - __main__ - INFO - Received data from worker1: {"type": "logs", "logs": [{"@timestamp": "2025-06-01T13:06:52.926582", "host": "ubuntu", "log_type":...
2025-06-01 13:07:53,245 - __main__ - INFO - Received data from worker1: {"type": "logs", "logs": [{"@timestamp": "2025-06-01T13:07:53.243475", "host": "ubuntu", "log_type":...
2025-06-01 13:08:53,635 - __main__ - INFO - Received data from worker1: {"type": "logs", "logs": [{"@timestamp": "2025-06-01T13:08:53.601090", "host": "ubuntu", "log_type":...
2025-06-01 13:09:54,029 - __main__ - INFO - Received data from worker1: {"type": "logs", "logs": [{"@timestamp": "2025-06-01T13:09:54.027143", "host": "ubuntu", "log_type":...
2025-06-01 13:10:54,494 - __main__ - INFO - Received data from worker1: {"type": "logs", "logs": [{"@timestamp": "2025-06-01T13:10:54.423496", "host": "ubuntu", "log_type":...
2025-06-01 13:11:55,024 - __main__ - INFO - Received data from worker1: {"type": "logs", "logs": [{"@timestamp": "2025-06-01T13:11:54.984881", "host": "ubuntu", "log_type":...
2025-06-01 13:12:42,922 - __main__ - INFO - Server shutting down...
2025-06-01 13:12:42,942 - __main__ - INFO - Message queue server stopped
